<?xml version="1.0" encoding="utf-8"?><testsuites><testsuite errors="0" failures="0" hostname="fv-az192" name="pytest" skipped="3" tests="40" time="0.491" timestamp="2020-02-25T18:44:07.398429"><testcase classname="zdevelop.tests.test_isle_additions" file="zdevelop/tests/test_isle_additions.py" line="65" name="test_typevar_lookup[ConcreteGen-result0]" time="0.002"></testcase><testcase classname="zdevelop.tests.test_isle_additions" file="zdevelop/tests/test_isle_additions.py" line="65" name="test_typevar_lookup[VarInherited-result1]" time="0.001"></testcase><testcase classname="zdevelop.tests.test_isle_additions" file="zdevelop/tests/test_isle_additions.py" line="65" name="test_typevar_lookup[ConcreteDoubleInherit-result2]" time="0.001"></testcase><testcase classname="zdevelop.tests.test_isle_additions" file="zdevelop/tests/test_isle_additions.py" line="65" name="test_typevar_lookup[DoubleConcrete-result3]" time="0.001"></testcase><testcase classname="zdevelop.tests.test_isle_additions" file="zdevelop/tests/test_isle_additions.py" line="65" name="test_typevar_lookup[SingleFromDouble-result4]" time="0.001"></testcase><testcase classname="zdevelop.tests.test_isle_additions" file="zdevelop/tests/test_isle_additions.py" line="65" name="test_typevar_lookup[CompletedDouble-result5]" time="0.001"></testcase><testcase classname="zdevelop.tests.test_isle_additions" file="zdevelop/tests/test_isle_additions.py" line="65" name="test_typevar_lookup[ConcreteData-result6]" time="0.001"></testcase><testcase classname="zdevelop.tests.test_isle_additions" file="zdevelop/tests/test_isle_additions.py" line="65" name="test_typevar_lookup[ConcreteHybrid-result7]" time="0.001"></testcase><testcase classname="zdevelop.tests.test_isle_additions" file="zdevelop/tests/test_isle_additions.py" line="82" name="test_is_subclass[int-int-False-False-True-False]" time="0.001"></testcase><testcase classname="zdevelop.tests.test_isle_additions" file="zdevelop/tests/test_isle_additions.py" line="82" name="test_is_subclass[str-int-False-False-False-False]" time="0.001"></testcase><testcase classname="zdevelop.tests.test_isle_additions" file="zdevelop/tests/test_isle_additions.py" line="82" name="test_is_subclass[type_in2-int-False-False-True-False]" time="0.002"></testcase><testcase classname="zdevelop.tests.test_isle_additions" file="zdevelop/tests/test_isle_additions.py" line="82" name="test_is_subclass[type_in3-int-True-False-True-False]" time="0.001"></testcase><testcase classname="zdevelop.tests.test_isle_additions" file="zdevelop/tests/test_isle_additions.py" line="82" name="test_is_subclass[type_in4-int-False-False-True-True]" time="0.002"></testcase><testcase classname="zdevelop.tests.test_isle_additions" file="zdevelop/tests/test_isle_additions.py" line="82" name="test_is_subclass[type_in5-int-False-False-True-True]" time="0.001"></testcase><testcase classname="zdevelop.tests.test_isle_additions" file="zdevelop/tests/test_isle_additions.py" line="82" name="test_is_subclass[type_in6-int-True-False-True-False]" time="0.002"></testcase><testcase classname="zdevelop.tests.test_isle_additions" file="zdevelop/tests/test_isle_additions.py" line="82" name="test_is_subclass[type_in7-int-True-False-False-False]" time="0.001"></testcase><testcase classname="zdevelop.tests.test_isle_additions" file="zdevelop/tests/test_isle_additions.py" line="82" name="test_is_subclass[type_in8-int-False-True-True-False]" time="0.001"></testcase><testcase classname="zdevelop.tests.test_isle_additions" file="zdevelop/tests/test_isle_additions.py" line="82" name="test_is_subclass[type_in9-int-True-True-True-False]" time="0.001"></testcase><testcase classname="zdevelop.tests.test_isle_additions" file="zdevelop/tests/test_isle_additions.py" line="82" name="test_is_subclass[type_in10-int-False-True-True-True]" time="0.002"></testcase><testcase classname="zdevelop.tests.test_isle_additions" file="zdevelop/tests/test_isle_additions.py" line="82" name="test_is_subclass[type_in11-int-False-True-True-False]" time="0.001"></testcase><testcase classname="zdevelop.tests.test_isle_additions" file="zdevelop/tests/test_isle_additions.py" line="82" name="test_is_subclass[type_in12-int-False-False-True-True]" time="0.002"></testcase><testcase classname="zdevelop.tests.test_isle_additions" file="zdevelop/tests/test_isle_additions.py" line="82" name="test_is_subclass[type_in13-int-False-False-True-True]" time="0.001"></testcase><testcase classname="zdevelop.tests.test_typing_inspect.IsUtilityTestCase" file="zdevelop/tests/test_typing_inspect.py" line="89" name="test_callable" time="0.001"></testcase><testcase classname="zdevelop.tests.test_typing_inspect.IsUtilityTestCase" file="zdevelop/tests/test_typing_inspect.py" line="153" name="test_classvar" time="0.001"></testcase><testcase classname="zdevelop.tests.test_typing_inspect.IsUtilityTestCase" file="zdevelop/tests/test_typing_inspect.py" line="66" name="test_generic" time="0.001"></testcase><testcase classname="zdevelop.tests.test_typing_inspect.IsUtilityTestCase" file="zdevelop/tests/test_typing_inspect.py" line="116" name="test_optional_type" time="0.001"></testcase><testcase classname="zdevelop.tests.test_typing_inspect.IsUtilityTestCase" file="zdevelop/tests/test_typing_inspect.py" line="99" name="test_tuple" time="0.001"></testcase><testcase classname="zdevelop.tests.test_typing_inspect.IsUtilityTestCase" file="zdevelop/tests/test_typing_inspect.py" line="146" name="test_typevar" time="0.001"></testcase><testcase classname="zdevelop.tests.test_typing_inspect.IsUtilityTestCase" file="zdevelop/tests/test_typing_inspect.py" line="109" name="test_union" time="0.001"></testcase><testcase classname="zdevelop.tests.test_typing_inspect.GetUtilityTestCase" file="zdevelop/tests/test_typing_inspect.py" line="206" name="test_args" time="0.001"><skipped message="Not supported in Python 3.7" type="pytest.skip">zdevelop/tests/test_typing_inspect.py:207: Not supported in Python 3.7</skipped></testcase><testcase classname="zdevelop.tests.test_typing_inspect.GetUtilityTestCase" file="zdevelop/tests/test_typing_inspect.py" line="215" name="test_args_evaluated" time="0.001"></testcase><testcase classname="zdevelop.tests.test_typing_inspect.GetUtilityTestCase" file="zdevelop/tests/test_typing_inspect.py" line="227" name="test_bound" time="0.001"></testcase><testcase classname="zdevelop.tests.test_typing_inspect.GetUtilityTestCase" file="zdevelop/tests/test_typing_inspect.py" line="233" name="test_constraints" time="0.001"></testcase><testcase classname="zdevelop.tests.test_typing_inspect.GetUtilityTestCase" file="zdevelop/tests/test_typing_inspect.py" line="250" name="test_generic_bases" time="0.001"></testcase><testcase classname="zdevelop.tests.test_typing_inspect.GetUtilityTestCase" file="zdevelop/tests/test_typing_inspect.py" line="239" name="test_generic_type" time="0.001"></testcase><testcase classname="zdevelop.tests.test_typing_inspect.GetUtilityTestCase" file="zdevelop/tests/test_typing_inspect.py" line="194" name="test_last_args" time="0.001"><skipped message="Not supported in Python 3.7" type="pytest.skip">zdevelop/tests/test_typing_inspect.py:195: Not supported in Python 3.7</skipped></testcase><testcase classname="zdevelop.tests.test_typing_inspect.GetUtilityTestCase" file="zdevelop/tests/test_typing_inspect.py" line="161" name="test_last_origin" time="0.001"><skipped message="Not supported in Python 3.7" type="pytest.skip">zdevelop/tests/test_typing_inspect.py:162: Not supported in Python 3.7</skipped></testcase><testcase classname="zdevelop.tests.test_typing_inspect.GetUtilityTestCase" file="zdevelop/tests/test_typing_inspect.py" line="171" name="test_origin" time="0.001"></testcase><testcase classname="zdevelop.tests.test_typing_inspect.GetUtilityTestCase" file="zdevelop/tests/test_typing_inspect.py" line="181" name="test_parameters" time="0.002"></testcase><testcase classname="zdevelop.tests.test_typing_inspect.GetUtilityTestCase" file="zdevelop/tests/test_typing_inspect.py" line="259" name="test_typed_dict" time="0.001"></testcase></testsuite></testsuites>